[script-coverage] download-dicts-test
download-dicts test passed
[script-coverage] download-extensions-test
Extension present at C:\Users\sneak\Development\PairOfCleats_CODEX\tests\.cache\download-extensions\zip\sqlite-vec\win32-x64\vec0.dll
Done. downloaded=1 skipped=0
Extension present at C:\Users\sneak\Development\PairOfCleats_CODEX\tests\.cache\download-extensions\tar\sqlite-vec\win32-x64\vec0.dll
Done. downloaded=1 skipped=0
Done. downloaded=0 skipped=0
download-extensions archive test passed
Error: No extension binary found in C:\Users\sneak\Development\PairOfCleats_CODEX\tests\.cache\download-extensions\zip-slip\.tmp\vec0-1768122670710.zip
file:///C:/Users/sneak/Development/PairOfCleats_CODEX/src/shared/error-codes.js:18
  const err = new Error(message || 'Error');
              ^

Error: unsafe tar entry: ../pwned-tar.txt
    at createError (file:///C:/Users/sneak/Development/PairOfCleats_CODEX/src/shared/error-codes.js:18:15)
    at map (file:///C:/Users/sneak/Development/PairOfCleats_CODEX/tools/download-extensions.js:294:15)
    at Extract.onentry (C:\Users\sneak\Development\PairOfCleats_CODEX\node_modules\tar-fs\index.js:158:14)
    at Extract.emit (node:events:518:28)
    at Extract._consumeHeader (C:\Users\sneak\Development\PairOfCleats_CODEX\node_modules\tar-stream\extract.js:166:12)
    at Extract._update (C:\Users\sneak\Development\PairOfCleats_CODEX\node_modules\tar-stream\extract.js:272:41)
    at Extract._write (C:\Users\sneak\Development\PairOfCleats_CODEX\node_modules\tar-stream\extract.js:287:10)
    at WritableState.update (C:\Users\sneak\Development\PairOfCleats_CODEX\node_modules\streamx\index.js:192:16)
    at WritableState.updateWriteNT (C:\Users\sneak\Development\PairOfCleats_CODEX\node_modules\streamx\index.js:564:10)
    at node:internal/process/task_queues:140:7 {
  code: 'ARCHIVE_UNSAFE'
}

Node.js v20.11.1
[script-coverage] vector-extension-sanitize-test
vector extension sanitize test passed
[sqlite] Vector extension disabled: invalid vector extension config (table)
[script-coverage] tooling-detect-test
tooling detect test passed
[script-coverage] tooling-install-test
tooling install test passed
[script-coverage] clean-artifacts-test
deleted: C:\Users\sneak\Development\PairOfCleats_CODEX\tests\.cache\clean-artifacts\cache\repos\repo-aa130f8beaeb
deleted: C:\Users\sneak\Development\PairOfCleats_CODEX\tests\.cache\clean-artifacts\repo\index-sqlite

Cleanup complete.
deleted: C:\Users\sneak\Development\PairOfCleats_CODEX\tests\.cache\clean-artifacts\cache\repos

Cleanup complete.
clean-artifacts test passed
[script-coverage] uninstall-test
deleted: C:\Users\sneak\Development\PairOfCleats_CODEX\tests\.cache\uninstall
skip: C:\Users\sneak\Development\PairOfCleats_CODEX\tests\.cache\uninstall\cache (missing)

Uninstall complete.
Uninstall test passed
[script-coverage] sqlite-incremental-test
[sqlite] Using incremental bundles for code full rebuild.
[sqlite] Using incremental bundles for code (9 files).
[sqlite] Bundle parser workers: 16.
[sqlite] bundles 1/9 (11.1%) | eval.json
[sqlite] bundles 9/9 (100.0%) | src/util.js
[sqlite] Validation (smoke) ok for code.
[sqlite] Using incremental bundles for prose full rebuild.
[sqlite] Using incremental bundles for prose (3 files).
[sqlite] Bundle parser workers: 16.
[sqlite] bundles 1/3 (33.3%) | docs/guide.md
[sqlite] bundles 3/3 (100.0%) | README.md
[sqlite] Validation (smoke) ok for prose.
SQLite indexes built at code=C:\Users\sneak\Development\PairOfCleats_CODEX\tests\.cache\sqlite-incremental\cache\repos\repo-50186e3bf0b8\builds\20260111T091115Z_33901eb_ec3372c3\index-sqlite\index-code.db prose=C:\Users\sneak\Development\PairOfCleats_CODEX\tests\.cache\sqlite-incremental\cache\repos\repo-50186e3bf0b8\builds\20260111T091115Z_33901eb_ec3372c3\index-sqlite\index-prose.db. code=25 prose=3
[sqlite] Using incremental bundles for code full rebuild.
[sqlite] Using incremental bundles for code (9 files).
[sqlite] Bundle parser workers: 16.
[sqlite] bundles 1/9 (11.1%) | eval.json
[sqlite] bundles 9/9 (100.0%) | src/util.js
[sqlite] Validation (smoke) ok for code.
[sqlite] Using incremental bundles for prose full rebuild.
[sqlite] Using incremental bundles for prose (3 files).
[sqlite] Bundle parser workers: 16.
[sqlite] bundles 1/3 (33.3%) | docs/guide.md
[sqlite] bundles 3/3 (100.0%) | README.md
[sqlite] Validation (smoke) ok for prose.
SQLite indexes built at code=C:\Users\sneak\Development\PairOfCleats_CODEX\tests\.cache\sqlite-incremental\cache\repos\repo-50186e3bf0b8\builds\20260111T091124Z_33901eb_ec3372c3\index-sqlite\index-code.db prose=C:\Users\sneak\Development\PairOfCleats_CODEX\tests\.cache\sqlite-incremental\cache\repos\repo-50186e3bf0b8\builds\20260111T091124Z_33901eb_ec3372c3\index-sqlite\index-prose.db. code=26 prose=3
SQLite indexes updated at code=C:\Users\sneak\Development\PairOfCleats_CODEX\tests\.cache\sqlite-incremental\cache\repos\repo-50186e3bf0b8\builds\20260111T091124Z_33901eb_ec3372c3\index-sqlite\index-code.db prose=C:\Users\sneak\Development\PairOfCleats_CODEX\tests\.cache\sqlite-incremental\cache\repos\repo-50186e3bf0b8\builds\20260111T091124Z_33901eb_ec3372c3\index-sqlite\index-prose.db. code+0 prose+0
SQLite incremental test passed

Wordlists enabled: 1 file(s), 370,105 words for identifier splitting.

Embeddings: stub mode enabled (no model downloads).

Embedding batch size: 128

Embedding concurrency: 2

Incremental cache enabled (root: C:\Users\sneak\Development\PairOfCleats_CODEX\tests\.cache\sqlite-incremental\cache\repos\repo-50186e3bf0b8\incremental).

Queue concurrency: io=32, cpu=16.

Worker pool enabled (auto, maxThreads=8).

Worker pool auto threshold: maxFileBytes=524288.

Build environment snapshot.

ΓåÆ Preprocess: 12 files across 2 mode(s).

Crash logging enabled: C:\Users\sneak\Development\PairOfCleats_CODEX\tests\.cache\sqlite-incremental\cache\repos\repo-50186e3bf0b8\logs\index-crash.log

≡ƒôä  Scanning prose ΓÇª

Discovering files...

ΓåÆ Reusing shared discovery results.

ΓåÆ Found 3 files.

Auto-selected context window: 3 lines

Processing and indexing files...

Indexing concurrency: files=16, imports=16, io=32, cpu=16
Files 1/3 (33.3%)
Files 2/3 (66.7%)
Files 3/3 (100.0%)
Files 3/3 (100.0%)

   ΓåÆ Indexed 3 chunks, total tokens: 86

Using stub embeddings for dense vectors (Xenova/all-MiniLM-L12-v2)...

ΓåÆ Wrote .filelists.json (samples only).

Writing index files (14 artifacts)...

Writing index files 1/14 (7.1%) | index_state.json

Writing index files 14/14 (100.0%) | phrase_ngrams.json

≡ƒôª  prose: 3 chunks, 50 tokens, dims=384

ΓåÆ Wrote pieces manifest (15 entries).

Crash logging enabled: C:\Users\sneak\Development\PairOfCleats_CODEX\tests\.cache\sqlite-incremental\cache\repos\repo-50186e3bf0b8\logs\index-crash.log

≡ƒôä  Scanning code ΓÇª

Discovering files...

ΓåÆ Reusing shared discovery results.

ΓåÆ Found 9 files.

Skipping import pre-scan; will enrich import links from relations.

Auto-selected context window: 3 lines

Processing and indexing files...

Indexing concurrency: files=16, imports=16, io=32, cpu=16
Files 1/9 (11.1%)
Files 2/9 (22.2%)
Files 3/9 (33.3%)
Files 4/9 (44.4%)
Files 5/9 (55.6%)
Files 6/9 (66.7%)
Files 7/9 (77.8%)
Files 8/9 (88.9%)
Files 9/9 (100.0%)
Files 9/9 (100.0%)

ΓåÆ Imports: modules=5, edges=5, files=5

   ΓåÆ Indexed 25 chunks, total tokens: 884

Using stub embeddings for dense vectors (Xenova/all-MiniLM-L12-v2)...

Cross-file inference: callLinks=0, usageLinks=13, returns=0, riskFlows=0

Cross-file inference updated 9 incremental bundle(s).

ΓåÆ Wrote .filelists.json (samples only).

Writing index files (16 artifacts)...

Writing index files 1/16 (6.3%) | index_state.json

Writing index files 16/16 (100.0%) | phrase_ngrams.json

≡ƒôª  code : 25 chunks, 108 tokens, dims=384

ΓåÆ Wrote pieces manifest (17 entries).
[sqlite] Incremental code update skipped (sqlite db missing); rebuilding full index.
[sqlite] Incremental prose update skipped (sqlite db missing); rebuilding full index.

Wordlists enabled: 1 file(s), 370,105 words for identifier splitting.

Embeddings: stub mode enabled (no model downloads).

Embedding batch size: 128

Embedding concurrency: 2

Incremental cache enabled (root: C:\Users\sneak\Development\PairOfCleats_CODEX\tests\.cache\sqlite-incremental\cache\repos\repo-50186e3bf0b8\incremental).

Queue concurrency: io=32, cpu=16.

Worker pool enabled (auto, maxThreads=8).

Worker pool auto threshold: maxFileBytes=524288.

Build environment snapshot.

ΓåÆ Preprocess: 12 files across 2 mode(s).

Crash logging enabled: C:\Users\sneak\Development\PairOfCleats_CODEX\tests\.cache\sqlite-incremental\cache\repos\repo-50186e3bf0b8\logs\index-crash.log

≡ƒôä  Scanning prose ΓÇª

Discovering files...

ΓåÆ Reusing shared discovery results.

ΓåÆ Found 3 files.

Auto-selected context window: 3 lines

Processing and indexing files...

Indexing concurrency: files=16, imports=16, io=32, cpu=16
Files 1/3 (33.3%)
Files 2/3 (66.7%)
Files 3/3 (100.0%)
Files 3/3 (100.0%)

   ΓåÆ Indexed 3 chunks, total tokens: 86

Using stub embeddings for dense vectors (Xenova/all-MiniLM-L12-v2)...

ΓåÆ Wrote .filelists.json (samples only).

Writing index files (15 artifacts)...

Writing index files 1/15 (6.7%) | index_state.json

Writing index files 15/15 (100.0%) | phrase_ngrams.json

≡ƒôª  prose: 3 chunks, 50 tokens, dims=384

ΓåÆ Wrote pieces manifest (16 entries).

Crash logging enabled: C:\Users\sneak\Development\PairOfCleats_CODEX\tests\.cache\sqlite-incremental\cache\repos\repo-50186e3bf0b8\logs\index-crash.log

≡ƒôä  Scanning code ΓÇª

Discovering files...

ΓåÆ Reusing shared discovery results.

ΓåÆ Found 9 files.

Skipping import pre-scan; will enrich import links from relations.

Auto-selected context window: 3 lines

Processing and indexing files...

Indexing concurrency: files=16, imports=16, io=32, cpu=16
Files 1/9 (11.1%)
Files 2/9 (22.2%)
Files 3/9 (33.3%)
Files 4/9 (44.4%)
Files 5/9 (55.6%)
Files 6/9 (66.7%)
Files 7/9 (77.8%)
Files 8/9 (88.9%)
Files 9/9 (100.0%)
Files 9/9 (100.0%)

ΓåÆ Imports: modules=5, edges=5, files=5

   ΓåÆ Indexed 26 chunks, total tokens: 894

Using stub embeddings for dense vectors (Xenova/all-MiniLM-L12-v2)...

Cross-file inference: callLinks=0, usageLinks=18, returns=0, riskFlows=0

Cross-file inference updated 9 incremental bundle(s).

ΓåÆ Wrote .filelists.json (samples only).

Writing index files (16 artifacts)...

Writing index files 1/16 (6.3%) | index_state.json

Writing index files 16/16 (100.0%) | phrase_ngrams.json

≡ƒôª  code : 26 chunks, 110 tokens, dims=384

ΓåÆ Wrote pieces manifest (17 entries).
[sqlite] Incremental code update skipped (sqlite db missing); rebuilding full index.
[sqlite] Incremental prose update skipped (sqlite db missing); rebuilding full index.
[script-coverage] sqlite-bundle-missing-test
sqlite bundle missing fallback test passed
[script-coverage] sqlite-index-state-fail-closed-test
[sqlite] Validation (smoke) ok for code.
SQLite code index built at C:\Users\sneak\Development\PairOfCleats_CODEX\tests\.cache\sqlite-index-state-fail\cache\repos\repo-705be81e8433\builds\20260111T091144Z_33901eb_fe3ba389\index-sqlite\index-code.db. code=25
sqlite index state fail-closed test passed

Wordlists enabled: 1 file(s), 370,105 words for identifier splitting.

Embeddings: stub mode enabled (no model downloads).

Embedding batch size: 128

Embedding concurrency: 2

Queue concurrency: io=32, cpu=16.

Worker pool enabled (auto, maxThreads=8).

Worker pool auto threshold: maxFileBytes=524288.

Build environment snapshot.

ΓåÆ Preprocess: 9 files across 1 mode(s).

Crash logging enabled: C:\Users\sneak\Development\PairOfCleats_CODEX\tests\.cache\sqlite-index-state-fail\cache\repos\repo-705be81e8433\logs\index-crash.log

≡ƒôä  Scanning code ΓÇª

Discovering files...

ΓåÆ Reusing shared discovery results.

ΓåÆ Found 9 files.

Skipping import pre-scan; will enrich import links from relations.

Auto-selected context window: 3 lines

Processing and indexing files...

Indexing concurrency: files=16, imports=16, io=32, cpu=16
Files 1/9 (11.1%)
Files 2/9 (22.2%)
Files 3/9 (33.3%)
Files 4/9 (44.4%)
Files 5/9 (55.6%)
Files 6/9 (66.7%)
Files 7/9 (77.8%)
Files 8/9 (88.9%)
Files 9/9 (100.0%)
Files 9/9 (100.0%)

ΓåÆ Imports: modules=5, edges=5, files=5

   ΓåÆ Indexed 25 chunks, total tokens: 884

Using stub embeddings for dense vectors (Xenova/all-MiniLM-L12-v2)...

Cross-file inference: callLinks=0, usageLinks=13, returns=0, riskFlows=0

ΓåÆ Wrote .filelists.json (samples only).

Writing index files (16 artifacts)...

Writing index files 1/16 (6.3%) | index_state.json

Writing index files 16/16 (100.0%) | phrase_ngrams.json

≡ƒôª  code : 25 chunks, 108 tokens, dims=384

ΓåÆ Wrote pieces manifest (17 entries).
[script-coverage] artifact-size-guardrails-test
artifact size guardrails test passed

Wordlists enabled: 1 file(s), 370,105 words for identifier splitting.

Embeddings: stub mode enabled (no model downloads).

Embedding batch size: 128

Embedding concurrency: 2

Queue concurrency: io=32, cpu=16.

Worker pool enabled (auto, maxThreads=8).

Worker pool auto threshold: maxFileBytes=524288.

Build environment snapshot.

ΓåÆ Preprocess: 3 files across 1 mode(s).

Crash logging enabled: C:\Users\sneak\Development\PairOfCleats_CODEX\tests\.cache\artifact-size-guardrails\repos\repo-ac5d26e5adac\logs\index-crash.log

≡ƒôä  Scanning code ΓÇª

Discovering files...

ΓåÆ Reusing shared discovery results.

ΓåÆ Found 3 files.

Skipping import pre-scan; will enrich import links from relations.

Auto-selected context window: 5 lines

Processing and indexing files...

Indexing concurrency: files=16, imports=16, io=32, cpu=16
Files 1/3 (33.3%)
Files 2/3 (66.7%)
Files 3/3 (100.0%)
Files 3/3 (100.0%)

ΓåÆ Imports: modules=0, edges=0, files=0

   ΓåÆ Indexed 3 chunks, total tokens: 6,000

Using stub embeddings for dense vectors (Xenova/all-MiniLM-L12-v2)...

Cross-file inference: callLinks=0, usageLinks=0, returns=0, riskFlows=0

ΓåÆ Wrote .filelists.json (samples only).

Chunk metadata estimate ~295.5KB; using jsonl-sharded to stay under 2.0KB.

Token postings estimate ~5.0KB; using sharded output to stay under 2.0KB.

Writing index files (23 artifacts)...

Writing index files 1/23 (4.3%) | index_state.json

Writing index files 23/23 (100.0%) | phrase_ngrams.json

≡ƒôª  code : 3 chunks, 202 tokens, dims=384

ΓåÆ Wrote pieces manifest (24 entries).

Wordlists enabled: 1 file(s), 370,105 words for identifier splitting.

Embeddings: stub mode enabled (no model downloads).

Embedding batch size: 128

Embedding concurrency: 2

Queue concurrency: io=32, cpu=16.

Worker pool enabled (auto, maxThreads=8).

Worker pool auto threshold: maxFileBytes=524288.

Build environment snapshot.

ΓåÆ Preprocess: 3 files across 1 mode(s).

Crash logging enabled: C:\Users\sneak\Development\PairOfCleats_CODEX\tests\.cache\artifact-size-guardrails\repos\repo-ac5d26e5adac\logs\index-crash.log

≡ƒôä  Scanning code ΓÇª

Discovering files...

ΓåÆ Reusing shared discovery results.

ΓåÆ Found 3 files.

Skipping import pre-scan; will enrich import links from relations.

Auto-selected context window: 5 lines

Processing and indexing files...

Indexing concurrency: files=16, imports=16, io=32, cpu=16
Files 1/3 (33.3%)
Files 2/3 (66.7%)
Files 3/3 (100.0%)
Files 3/3 (100.0%)

ΓåÆ Imports: modules=0, edges=0, files=0

   ΓåÆ Indexed 3 chunks, total tokens: 6,000

Using stub embeddings for dense vectors (Xenova/all-MiniLM-L12-v2)...

Cross-file inference: callLinks=0, usageLinks=0, returns=0, riskFlows=0

ΓåÆ Wrote .filelists.json (samples only).

Writing index files (16 artifacts)...

Writing index files 1/16 (6.3%) | index_state.json

Writing index files 16/16 (100.0%) | phrase_ngrams.json

≡ƒôª  code : 3 chunks, 202 tokens, dims=384

ΓåÆ Wrote pieces manifest (17 entries).
[script-coverage] incremental-manifest-test
Incremental manifest refresh test passed
[script-coverage] index-lock-test
index-lock test passed
[script-coverage] sqlite-compact-test
[sqlite] Using incremental bundles for code full rebuild.
[sqlite] Using incremental bundles for code (11 files).
[sqlite] Bundle parser workers: 16.
[sqlite] bundles 1/11 (9.1%) | eval.json
[sqlite] bundles 11/11 (100.0%) | src/util.js
[sqlite] Validation (smoke) ok for code.
[sqlite] Using incremental bundles for prose full rebuild.
[sqlite] Using incremental bundles for prose (3 files).
[sqlite] Bundle parser workers: 16.
[sqlite] bundles 1/3 (33.3%) | docs/guide.md
[sqlite] bundles 3/3 (100.0%) | README.md
[sqlite] Validation (smoke) ok for prose.
SQLite indexes built at code=C:\Users\sneak\Development\PairOfCleats_CODEX\tests\.cache\sqlite-compact\cache\repos\repo-bbfbdaae9641\builds\20260111T091216Z_33901eb_9b1c90ce\index-sqlite\index-code.db prose=C:\Users\sneak\Development\PairOfCleats_CODEX\tests\.cache\sqlite-compact\cache\repos\repo-bbfbdaae9641\builds\20260111T091216Z_33901eb_9b1c90ce\index-sqlite\index-prose.db. code=27 prose=3
[sqlite] Using incremental bundles for code full rebuild.
[sqlite] Using incremental bundles for code (11 files).
[sqlite] Bundle parser workers: 16.
[sqlite] bundles 1/11 (9.1%) | eval.json
[sqlite] bundles 11/11 (100.0%) | src/util.js
[sqlite] Validation (smoke) ok for code.
[sqlite] Using incremental bundles for prose full rebuild.
[sqlite] Using incremental bundles for prose (3 files).
[sqlite] Bundle parser workers: 16.
[sqlite] bundles 1/3 (33.3%) | docs/guide.md
[sqlite] bundles 3/3 (100.0%) | README.md
[sqlite] Validation (smoke) ok for prose.
SQLite indexes built at code=C:\Users\sneak\Development\PairOfCleats_CODEX\tests\.cache\sqlite-compact\cache\repos\repo-bbfbdaae9641\builds\20260111T091216Z_33901eb_9b1c90ce\index-sqlite\index-code.db prose=C:\Users\sneak\Development\PairOfCleats_CODEX\tests\.cache\sqlite-compact\cache\repos\repo-bbfbdaae9641\builds\20260111T091216Z_33901eb_9b1c90ce\index-sqlite\index-prose.db. code=27 prose=3
[sqlite] Using incremental bundles for code full rebuild.
[sqlite] Using incremental bundles for code (10 files).

Wordlists enabled: 1 file(s), 370,105 words for identifier splitting.

Embeddings: stub mode enabled (no model downloads).

Embedding batch size: 128

Embedding concurrency: 2

Incremental cache enabled (root: C:\Users\sneak\Development\PairOfCleats_CODEX\tests\.cache\sqlite-compact\cache\repos\repo-bbfbdaae9641\incremental).

Queue concurrency: io=32, cpu=16.

Worker pool enabled (auto, maxThreads=8).

Worker pool auto threshold: maxFileBytes=524288.

Build environment snapshot.

ΓåÆ Preprocess: 14 files across 2 mode(s).

Crash logging enabled: C:\Users\sneak\Development\PairOfCleats_CODEX\tests\.cache\sqlite-compact\cache\repos\repo-bbfbdaae9641\logs\index-crash.log

≡ƒôä  Scanning prose ΓÇª

Discovering files...

ΓåÆ Reusing shared discovery results.

ΓåÆ Found 3 files.

Auto-selected context window: 3 lines

Processing and indexing files...

Indexing concurrency: files=16, imports=16, io=32, cpu=16
Files 1/3 (33.3%)
Files 2/3 (66.7%)
Files 3/3 (100.0%)
Files 3/3 (100.0%)

[sqlite] Bundle parser workers: 16.
[sqlite] bundles 1/10 (10.0%) | eval.json
[sqlite] bundles 10/10 (100.0%) | src/renamed.js
[sqlite] Validation (smoke) ok for code.
[sqlite] Using incremental bundles for prose full rebuild.
[sqlite] Using incremental bundles for prose (3 files).
[sqlite] Bundle parser workers: 16.
[sqlite] bundles 1/3 (33.3%) | docs/guide.md
[sqlite] bundles 3/3 (100.0%) | README.md
[sqlite] Validation (smoke) ok for prose.
SQLite indexes built at code=C:\Users\sneak\Development\PairOfCleats_CODEX\tests\.cache\sqlite-compact\cache\repos\repo-bbfbdaae9641\builds\20260111T091226Z_33901eb_9b1c90ce\index-sqlite\index-code.db prose=C:\Users\sneak\Development\PairOfCleats_CODEX\tests\.cache\sqlite-compact\cache\repos\repo-bbfbdaae9641\builds\20260111T091226Z_33901eb_9b1c90ce\index-sqlite\index-prose.db. code=26 prose=3
   ΓåÆ Indexed 3 chunks, total tokens: 86

Using stub embeddings for dense vectors (Xenova/all-MiniLM-L12-v2)...

ΓåÆ Wrote .filelists.json (samples only).

Writing index files (14 artifacts)...

Writing index files 1/14 (7.1%) | index_state.json

Writing index files 14/14 (100.0%) | phrase_ngrams.json

≡ƒôª  prose: 3 chunks, 50 tokens, dims=384

ΓåÆ Wrote pieces manifest (15 entries).

Crash logging enabled: C:\Users\sneak\Development\PairOfCleats_CODEX\tests\.cache\sqlite-compact\cache\repos\repo-bbfbdaae9641\logs\index-crash.log

≡ƒôä  Scanning code ΓÇª

Discovering files...

ΓåÆ Reusing shared discovery results.

ΓåÆ Found 11 files.

Skipping import pre-scan; will enrich import links from relations.

Auto-selected context window: 3 lines

Processing and indexing files...

Indexing concurrency: files=16, imports=16, io=32, cpu=16
Files 1/11 (9.1%)
Files 2/11 (18.2%)
Files 3/11 (27.3%)
Files 4/11 (36.4%)
Files 5/11 (45.5%)
Files 6/11 (54.5%)
Files 7/11 (63.6%)
Files 8/11 (72.7%)
Files 9/11 (81.8%)
Files 10/11 (90.9%)
Files 11/11 (100.0%)
Files 11/11 (100.0%)

ΓåÆ Imports: modules=5, edges=5, files=5

   ΓåÆ Indexed 27 chunks, total tokens: 909

Using stub embeddings for dense vectors (Xenova/all-MiniLM-L12-v2)...

Cross-file inference: callLinks=0, usageLinks=13, returns=0, riskFlows=0

Cross-file inference updated 11 incremental bundle(s).

ΓåÆ Wrote .filelists.json (samples only).

Writing index files (16 artifacts)...

Writing index files 1/16 (6.3%) | index_state.json

Writing index files 16/16 (100.0%) | phrase_ngrams.json

≡ƒôª  code : 27 chunks, 116 tokens, dims=384

ΓåÆ Wrote pieces manifest (17 entries).
[sqlite] Incremental code update skipped (sqlite db missing); rebuilding full index.
[sqlite] Incremental prose update skipped (sqlite db missing); rebuilding full index.

Wordlists enabled: 1 file(s), 370,105 words for identifier splitting.

Embeddings: stub mode enabled (no model downloads).

Embedding batch size: 128

Embedding concurrency: 2

Incremental cache enabled (root: C:\Users\sneak\Development\PairOfCleats_CODEX\tests\.cache\sqlite-compact\cache\repos\repo-bbfbdaae9641\incremental).

Queue concurrency: io=32, cpu=16.

Worker pool enabled (auto, maxThreads=8).

Worker pool auto threshold: maxFileBytes=524288.

Build environment snapshot.

ΓåÆ Preprocess: 13 files across 2 mode(s).

Crash logging enabled: C:\Users\sneak\Development\PairOfCleats_CODEX\tests\.cache\sqlite-compact\cache\repos\repo-bbfbdaae9641\logs\index-crash.log

≡ƒôä  Scanning prose ΓÇª

Discovering files...

ΓåÆ Reusing shared discovery results.

ΓåÆ Found 3 files.

Auto-selected context window: 3 lines

Processing and indexing files...

Indexing concurrency: files=16, imports=16, io=32, cpu=16
Files 1/3 (33.3%)
Files 2/3 (66.7%)
Files 3/3 (100.0%)
Files 3/3 (100.0%)

   ΓåÆ Indexed 3 chunks, total tokens: 86

Using stub embeddings for dense vectors (Xenova/all-MiniLM-L12-v2)...

ΓåÆ Wrote .filelists.json (samples only).

Writing index files (15 artifacts)...

Writing index files 1/15 (6.7%) | index_state.json

Writing index files 15/15 (100.0%) | phrase_ngrams.json

≡ƒôª  prose: 3 chunks, 50 tokens, dims=384

ΓåÆ Wrote pieces manifest (16 entries).

Crash logging enabled: C:\Users\sneak\Development\PairOfCleats_CODEX\tests\.cache\sqlite-compact\cache\repos\repo-bbfbdaae9641\logs\index-crash.log

≡ƒôä  Scanning code ΓÇª

Discovering files...

ΓåÆ Reusing shared discovery results.

ΓåÆ Found 10 files.

Skipping import pre-scan; will enrich import links from relations.

Auto-selected context window: 3 lines

Processing and indexing files...

Indexing concurrency: files=16, imports=16, io=32, cpu=16
Files 1/10 (10.0%)
Files 2/10 (20.0%)
Files 3/10 (30.0%)
Files 4/10 (40.0%)
Files 5/10 (50.0%)
Files 6/10 (60.0%)
Files 7/10 (70.0%)
Files 8/10 (80.0%)
Files 9/10 (90.0%)
Files 10/10 (100.0%)
Files 10/10 (100.0%)

ΓåÆ Imports: modules=5, edges=5, files=5

   ΓåÆ Indexed 26 chunks, total tokens: 892

Using stub embeddings for dense vectors (Xenova/all-MiniLM-L12-v2)...

Cross-file inference: callLinks=0, usageLinks=13, returns=0, riskFlows=0

Cross-file inference updated 10 incremental bundle(s).

ΓåÆ Wrote .filelists.json (samples only).

Writing index files (16 artifacts)...

Writing index files 1/16 (6.3%) | index_state.json

Writing index files 16/16 (100.0%) | phrase_ngrams.json

≡ƒôª  code : 26 chunks, 110 tokens, dims=384

ΓåÆ Wrote pieces manifest (17 entries).
[sqlite] Incremental code update skipped (sqlite db missing); rebuilding full index.
[sqlite] Incremental prose update skipped (sqlite db missing); rebuilding full index.
SQLite indexes updated at code=C:\Users\sneak\Development\PairOfCleats_CODEX\tests\.cache\sqlite-compact\cache\repos\repo-bbfbdaae9641\builds\20260111T091226Z_33901eb_9b1c90ce\index-sqlite\index-code.db prose=C:\Users\sneak\Development\PairOfCleats_CODEX\tests\.cache\sqlite-compact\cache\repos\repo-bbfbdaae9641\builds\20260111T091226Z_33901eb_9b1c90ce\index-sqlite\index-prose.db. code+0 prose+0
SQLite compaction complete.
SQLite compaction test passed
[script-coverage] sqlite-sidecar-cleanup-test
[sqlite] Validation (smoke) ok for code.
[sqlite] Validation (smoke) ok for prose.
SQLite indexes built at code=C:\Users\sneak\Development\PairOfCleats_CODEX\tests\.cache\sqlite-sidecar-cleanup\cache\repos\repo-56bfa09e244f\builds\20260111T091235Z_33901eb_ca1ffef2\index-sqlite\index-code.db prose=C:\Users\sneak\Development\PairOfCleats_CODEX\tests\.cache\sqlite-sidecar-cleanup\cache\repos\repo-56bfa09e244f\builds\20260111T091235Z_33901eb_ca1ffef2\index-sqlite\index-prose.db. code=25 prose=3
[sqlite] Validation (smoke) ok for code.
SQLite code index built at C:\Users\sneak\Development\PairOfCleats_CODEX\tests\.cache\sqlite-sidecar-cleanup\cache\repos\repo-56bfa09e244f\builds\20260111T091235Z_33901eb_ca1ffef2\index-sqlite\index-code.db. code=25
[sqlite] Validation (smoke) ok for code.
SQLite code index built at C:\Users\sneak\Development\PairOfCleats_CODEX\tests\.cache\sqlite-sidecar-cleanup\cache\repos\repo-56bfa09e244f\builds\20260111T091235Z_33901eb_ca1ffef2\index-sqlite\index-code.db. code=25
sqlite sidecar cleanup test passed

Wordlists enabled: 1 file(s), 370,105 words for identifier splitting.

Embeddings: stub mode enabled (no model downloads).

Embedding batch size: 128

Embedding concurrency: 2

Queue concurrency: io=32, cpu=16.

Worker pool enabled (auto, maxThreads=8).

Worker pool auto threshold: maxFileBytes=524288.

Build environment snapshot.

ΓåÆ Preprocess: 12 files across 2 mode(s).

Crash logging enabled: C:\Users\sneak\Development\PairOfCleats_CODEX\tests\.cache\sqlite-sidecar-cleanup\cache\repos\repo-56bfa09e244f\logs\index-crash.log

≡ƒôä  Scanning prose ΓÇª

Discovering files...

ΓåÆ Reusing shared discovery results.

ΓåÆ Found 3 files.

Auto-selected context window: 3 lines

Processing and indexing files...

Indexing concurrency: files=16, imports=16, io=32, cpu=16
Files 1/3 (33.3%)
Files 2/3 (66.7%)
Files 3/3 (100.0%)
Files 3/3 (100.0%)

   ΓåÆ Indexed 3 chunks, total tokens: 86

Using stub embeddings for dense vectors (Xenova/all-MiniLM-L12-v2)...

ΓåÆ Wrote .filelists.json (samples only).

Writing index files (14 artifacts)...

Writing index files 1/14 (7.1%) | index_state.json

Writing index files 14/14 (100.0%) | phrase_ngrams.json

≡ƒôª  prose: 3 chunks, 50 tokens, dims=384

ΓåÆ Wrote pieces manifest (15 entries).

Crash logging enabled: C:\Users\sneak\Development\PairOfCleats_CODEX\tests\.cache\sqlite-sidecar-cleanup\cache\repos\repo-56bfa09e244f\logs\index-crash.log

≡ƒôä  Scanning code ΓÇª

Discovering files...

ΓåÆ Reusing shared discovery results.

ΓåÆ Found 9 files.

Skipping import pre-scan; will enrich import links from relations.

Auto-selected context window: 3 lines

Processing and indexing files...

Indexing concurrency: files=16, imports=16, io=32, cpu=16
Files 1/9 (11.1%)
Files 2/9 (22.2%)
Files 3/9 (33.3%)
Files 4/9 (44.4%)
Files 5/9 (55.6%)
Files 6/9 (66.7%)
Files 7/9 (77.8%)
Files 8/9 (88.9%)
Files 9/9 (100.0%)
Files 9/9 (100.0%)

ΓåÆ Imports: modules=5, edges=5, files=5

   ΓåÆ Indexed 25 chunks, total tokens: 884

Using stub embeddings for dense vectors (Xenova/all-MiniLM-L12-v2)...

Cross-file inference: callLinks=0, usageLinks=13, returns=0, riskFlows=0

ΓåÆ Wrote .filelists.json (samples only).

Writing index files (16 artifacts)...

Writing index files 1/16 (6.3%) | index_state.json

Writing index files 16/16 (100.0%) | phrase_ngrams.json

≡ƒôª  code : 25 chunks, 108 tokens, dims=384

ΓåÆ Wrote pieces manifest (17 entries).
[script-coverage] sqlite-ann-extension-test
[sqlite] Using incremental bundles for code full rebuild.
[sqlite] Using incremental bundles for code (10 files).
[sqlite] Bundle parser workers: 16.
[sqlite] bundles 1/10 (10.0%) | eval.json
[sqlite] bundles 10/10 (100.0%) | src/util.js
[sqlite] Validation (smoke) ok for code.
[sqlite] Using incremental bundles for prose full rebuild.
[sqlite] Using incremental bundles for prose (3 files).
[sqlite] Bundle parser workers: 16.
[sqlite] bundles 1/3 (33.3%) | docs/guide.md
[sqlite] bundles 3/3 (100.0%) | README.md
[sqlite] Validation (smoke) ok for prose.
SQLite indexes built at code=C:\Users\sneak\Development\PairOfCleats_CODEX\tests\.cache\sqlite-ann-extension\cache\repos\repo-7b4f3b7f732d\builds\20260111T091244Z_33901eb_88c60a3f\index-sqlite\index-code.db prose=C:\Users\sneak\Development\PairOfCleats_CODEX\tests\.cache\sqlite-ann-extension\cache\repos\repo-7b4f3b7f732d\builds\20260111T091244Z_33901eb_88c60a3f\index-sqlite\index-prose.db. code=26 prose=3

Wordlists enabled: 1 file(s), 370,105 words for identifier splitting.

Embeddings: stub mode enabled (no model downloads).

Embedding batch size: 128

Embedding concurrency: 2

Incremental cache enabled (root: C:\Users\sneak\Development\PairOfCleats_CODEX\tests\.cache\sqlite-ann-extension\cache\repos\repo-7b4f3b7f732d\incremental).

Queue concurrency: io=32, cpu=16.

Worker pool enabled (auto, maxThreads=8).

Worker pool auto threshold: maxFileBytes=524288.

Build environment snapshot.

ΓåÆ Preprocess: 13 files across 2 mode(s).

Crash logging enabled: C:\Users\sneak\Development\PairOfCleats_CODEX\tests\.cache\sqlite-ann-extension\cache\repos\repo-7b4f3b7f732d\logs\index-crash.log

≡ƒôä  Scanning prose ΓÇª

Discovering files...

ΓåÆ Reusing shared discovery results.

ΓåÆ Found 3 files.

Auto-selected context window: 3 lines

Processing and indexing files...

Indexing concurrency: files=16, imports=16, io=32, cpu=16
Files 1/3 (33.3%)
Files 2/3 (66.7%)
Files 3/3 (100.0%)
Files 3/3 (100.0%)

[sqlite] Using incremental bundles for code full rebuild.
[sqlite] Using incremental bundles for code (10 files).
[sqlite] Bundle parser workers: 16.
[sqlite] bundles 1/10 (10.0%) | eval.json
[sqlite] bundles 10/10 (100.0%) | src/util.js
[sqlite] Validation (smoke) ok for code.
[sqlite] Using incremental bundles for prose full rebuild.
[sqlite] Using incremental bundles for prose (3 files).
[sqlite] Bundle parser workers: 16.
[sqlite] bundles 1/3 (33.3%) | docs/guide.md
[sqlite] bundles 3/3 (100.0%) | README.md
[sqlite] Validation (smoke) ok for prose.
SQLite indexes built at code=C:\Users\sneak\Development\PairOfCleats_CODEX\tests\.cache\sqlite-ann-extension\cache\repos\repo-7b4f3b7f732d\builds\20260111T091244Z_33901eb_88c60a3f\index-sqlite\index-code.db prose=C:\Users\sneak\Development\PairOfCleats_CODEX\tests\.cache\sqlite-ann-extension\cache\repos\repo-7b4f3b7f732d\builds\20260111T091244Z_33901eb_88c60a3f\index-sqlite\index-prose.db. code=26 prose=3
[sqlite] Using incremental bundles for code full rebuild.
   ΓåÆ Indexed 3 chunks, total tokens: 86

Using stub embeddings for dense vectors (Xenova/all-MiniLM-L12-v2)...

ΓåÆ Wrote .filelists.json (samples only).

Writing index files (14 artifacts)...

Writing index files 1/14 (7.1%) | dense_vectors_uint8.json

Writing index files 14/14 (100.0%) | phrase_ngrams.json

≡ƒôª  prose: 3 chunks, 50 tokens, dims=384

ΓåÆ Wrote pieces manifest (15 entries).

Crash logging enabled: C:\Users\sneak\Development\PairOfCleats_CODEX\tests\.cache\sqlite-ann-extension\cache\repos\repo-7b4f3b7f732d\logs\index-crash.log

≡ƒôä  Scanning code ΓÇª

Discovering files...

ΓåÆ Reusing shared discovery results.

ΓåÆ Found 10 files.

Skipping import pre-scan; will enrich import links from relations.
[sqlite] Using incremental bundles for code (9 files).

[sqlite] Bundle parser workers: 16.
Auto-selected context window: 3 lines

[sqlite] bundles 1/9 (11.1%) | eval.json
Processing and indexing files...
[sqlite] bundles 9/9 (100.0%) | src/util.js

[sqlite] Validation (smoke) ok for code.
[sqlite] Using incremental bundles for prose full rebuild.
[sqlite] Using incremental bundles for prose (3 files).
Indexing concurrency: files=16, imports=16, io=32, cpu=16
[sqlite] Bundle parser workers: 16.
Files 1/10 (10.0%)
[sqlite] bundles 1/3 (33.3%) | docs/guide.md
Files 2/10 (20.0%)
Files 3/10 (30.0%)
[sqlite] bundles 3/3 (100.0%) | README.md
[sqlite] Validation (smoke) ok for prose.
Files 4/10 (40.0%)
SQLite indexes built at code=C:\Users\sneak\Development\PairOfCleats_CODEX\tests\.cache\sqlite-ann-extension\cache\repos\repo-7b4f3b7f732d\builds\20260111T091256Z_33901eb_88c60a3f\index-sqlite\index-code.db prose=C:\Users\sneak\Development\PairOfCleats_CODEX\tests\.cache\sqlite-ann-extension\cache\repos\repo-7b4f3b7f732d\builds\20260111T091256Z_33901eb_88c60a3f\index-sqlite\index-prose.db. code=25 prose=3
Files 5/10 (50.0%)
Files 6/10 (60.0%)
Files 7/10 (70.0%)
Files 8/10 (80.0%)
Files 9/10 (90.0%)
SQLite code index updated at C:\Users\sneak\Development\PairOfCleats_CODEX\tests\.cache\sqlite-ann-extension\cache\repos\repo-7b4f3b7f732d\builds\20260111T091256Z_33901eb_88c60a3f\index-sqlite\index-code.db. +0 chunks
sqlite ann extension test passed
[script-coverage] sqlite-vec-candidate-set-test
Files 10/10 (100.0%)
Files 10/10 (100.0%)

ΓåÆ Imports: modules=5, edges=5, files=5

   ΓåÆ Indexed 26 chunks, total tokens: 895

Using stub embeddings for dense vectors (Xenova/all-MiniLM-L12-v2)...

Cross-file inference: callLinks=0, usageLinks=13, returns=0, riskFlows=0

Cross-file inference updated 10 incremental bundle(s).

ΓåÆ Wrote .filelists.json (samples only).

Writing index files (16 artifacts)...

Writing index files 1/16 (6.3%) | index_state.json

Writing index files 16/16 (100.0%) | phrase_ngrams.json

≡ƒôª  code : 26 chunks, 114 tokens, dims=384

ΓåÆ Wrote pieces manifest (17 entries).
[sqlite] Incremental code update skipped (sqlite db missing); rebuilding full index.
[sqlite] Incremental prose update skipped (sqlite db missing); rebuilding full index.

Wordlists enabled: 1 file(s), 370,105 words for identifier splitting.

Embeddings: stub mode enabled (no model downloads).

Embedding batch size: 128

Embedding concurrency: 2

Incremental cache enabled (root: C:\Users\sneak\Development\PairOfCleats_CODEX\tests\.cache\sqlite-ann-extension\cache\repos\repo-7b4f3b7f732d\incremental).

Queue concurrency: io=32, cpu=16.

Worker pool enabled (auto, maxThreads=8).

Worker pool auto threshold: maxFileBytes=524288.

Build environment snapshot.

ΓåÆ Preprocess: 12 files across 2 mode(s).

Crash logging enabled: C:\Users\sneak\Development\PairOfCleats_CODEX\tests\.cache\sqlite-ann-extension\cache\repos\repo-7b4f3b7f732d\logs\index-crash.log

≡ƒôä  Scanning prose ΓÇª

Discovering files...

ΓåÆ Reusing shared discovery results.

ΓåÆ Found 3 files.

Auto-selected context window: 3 lines

Processing and indexing files...

Indexing concurrency: files=16, imports=16, io=32, cpu=16
Files 1/3 (33.3%)
Files 2/3 (66.7%)
Files 3/3 (100.0%)
Files 3/3 (100.0%)

   ΓåÆ Indexed 3 chunks, total tokens: 86

Using stub embeddings for dense vectors (Xenova/all-MiniLM-L12-v2)...

ΓåÆ Wrote .filelists.json (samples only).

Writing index files (15 artifacts)...

Writing index files 1/15 (6.7%) | index_state.json

Writing index files 15/15 (100.0%) | phrase_ngrams.json

≡ƒôª  prose: 3 chunks, 50 tokens, dims=384

ΓåÆ Wrote pieces manifest (16 entries).

Crash logging enabled: C:\Users\sneak\Development\PairOfCleats_CODEX\tests\.cache\sqlite-ann-extension\cache\repos\repo-7b4f3b7f732d\logs\index-crash.log

≡ƒôä  Scanning code ΓÇª

Discovering files...

ΓåÆ Reusing shared discovery results.

ΓåÆ Found 9 files.

Skipping import pre-scan; will enrich import links from relations.

Auto-selected context window: 3 lines

Processing and indexing files...

Indexing concurrency: files=16, imports=16, io=32, cpu=16
Files 1/9 (11.1%)
Files 2/9 (22.2%)
Files 3/9 (33.3%)
Files 4/9 (44.4%)
Files 5/9 (55.6%)
Files 6/9 (66.7%)
Files 7/9 (77.8%)
Files 8/9 (88.9%)
Files 9/9 (100.0%)
Files 9/9 (100.0%)

ΓåÆ Imports: modules=5, edges=5, files=5

   ΓåÆ Indexed 25 chunks, total tokens: 881

Using stub embeddings for dense vectors (Xenova/all-MiniLM-L12-v2)...

Cross-file inference: callLinks=0, usageLinks=13, returns=0, riskFlows=0

Cross-file inference updated 9 incremental bundle(s).

ΓåÆ Wrote .filelists.json (samples only).

Writing index files (16 artifacts)...

Writing index files 1/16 (6.3%) | index_state.json

Writing index files 16/16 (100.0%) | phrase_ngrams.json

≡ƒôª  code : 25 chunks, 108 tokens, dims=384

ΓåÆ Wrote pieces manifest (17 entries).
[sqlite] Incremental code update skipped (sqlite db missing); rebuilding full index.
[sqlite] Incremental prose update skipped (sqlite db missing); rebuilding full index.
node:internal/process/esm_loader:34
      internalBinding('errors').triggerUncaughtException(
                                ^

AssertionError [ERR_ASSERTION]: expected deterministic ordering
    at file:///C:/Users/sneak/Development/PairOfCleats_CODEX/tests/sqlite-vec-candidate-set.js:36:8
    at ModuleJob.run (node:internal/modules/esm/module_job:218:25)
    at async ModuleLoader.import (node:internal/modules/esm/loader:329:24)
    at async loadESM (node:internal/process/esm_loader:28:7)
    at async handleMainPromise (node:internal/modules/run_main:113:12) {
  generatedMessage: false,
  code: 'ERR_ASSERTION',
  actual: false,
  expected: true,
  operator: '=='
}

Node.js v20.11.1
Failed: sqlite-vec-candidate-set-test (attempt 1/3). Log: C:\Users\sneak\Development\PairOfCleats_CODEX\tests\.logs\2026-01-11T09-11-09-322Z\sqlite-vec-candidate-set-test.attempt-1.log
Retrying: sqlite-vec-candidate-set-test
node:internal/process/esm_loader:34
      internalBinding('errors').triggerUncaughtException(
                                ^

AssertionError [ERR_ASSERTION]: expected deterministic ordering
    at file:///C:/Users/sneak/Development/PairOfCleats_CODEX/tests/sqlite-vec-candidate-set.js:36:8
    at ModuleJob.run (node:internal/modules/esm/module_job:218:25)
    at async ModuleLoader.import (node:internal/modules/esm/loader:329:24)
    at async loadESM (node:internal/process/esm_loader:28:7)
    at async handleMainPromise (node:internal/modules/run_main:113:12) {
  generatedMessage: false,
  code: 'ERR_ASSERTION',
  actual: false,
  expected: true,
  operator: '=='
}

Node.js v20.11.1
Failed: sqlite-vec-candidate-set-test (attempt 2/3). Log: C:\Users\sneak\Development\PairOfCleats_CODEX\tests\.logs\2026-01-11T09-11-09-322Z\sqlite-vec-candidate-set-test.attempt-2.log
Retrying: sqlite-vec-candidate-set-test
node:internal/process/esm_loader:34
      internalBinding('errors').triggerUncaughtException(
                                ^

AssertionError [ERR_ASSERTION]: expected deterministic ordering
    at file:///C:/Users/sneak/Development/PairOfCleats_CODEX/tests/sqlite-vec-candidate-set.js:36:8
    at ModuleJob.run (node:internal/modules/esm/module_job:218:25)
    at async ModuleLoader.import (node:internal/modules/esm/loader:329:24)
    at async loadESM (node:internal/process/esm_loader:28:7)
    at async handleMainPromise (node:internal/modules/run_main:113:12) {
  generatedMessage: false,
  code: 'ERR_ASSERTION',
  actual: false,
  expected: true,
  operator: '=='
}

Node.js v20.11.1
Failed: sqlite-vec-candidate-set-test (attempt 3/3). Log: C:\Users\sneak\Development\PairOfCleats_CODEX\tests\.logs\2026-01-11T09-11-09-322Z\sqlite-vec-candidate-set-test.attempt-3.log
